<?xml version="1.0" encoding="UTF-8"?>
<!-- Generated by org.testng.reporters.JUnitXMLReporter -->
<testsuite hostname="B276" name="Category Selection" tests="5" failures="2" timestamp="30 Oct 2015 14:45:29 GMT" time="5.015" errors="0">
  <testcase name="openAlbumPageTest" time="0.704" classname="spot.scripts.CategorySelectionTest"/>
  <testcase name="openCollectionPageTest" time="0.941" classname="spot.scripts.CategorySelectionTest"/>
  <testcase name="openItemPageTest" time="1.187" classname="spot.scripts.CategorySelectionTest"/>
  <testcase name="openStartPageTest" time="0.001" classname="spot.scripts.CategorySelectionTest">
    <failure type="java.lang.AssertionError" message="expected [false] but found [true]">
      <![CDATA[java.lang.AssertionError: expected [false] but found [true]
	at spot.scripts.CategorySelectionTest.openStartPageTest(CategorySelectionTest.java:28)
... Removed 29 stack frames]]>
    </failure>
  </testcase> <!-- openStartPageTest -->
  <testcase name="openUploadPageTest" time="0.0" classname="spot.scripts.CategorySelectionTest">
    <failure type="java.lang.AssertionError" message="expected [false] but found [true]">
      <![CDATA[java.lang.AssertionError: expected [false] but found [true]
	at spot.scripts.CategorySelectionTest.openUploadPageTest(CategorySelectionTest.java:35)
... Removed 29 stack frames]]>
    </failure>
  </testcase> <!-- openUploadPageTest -->
</testsuite> <!-- Category Selection -->
