<!DOCTYPE html>

<html>
  <head>
  <title>TestNG reports</title>

    <link type="text/css" href="testng-reports.css" rel="stylesheet" />  
    <script type="text/javascript" src="jquery-1.7.1.min.js"></script>
    <script type="text/javascript" src="testng-reports.js"></script>
    <script type="text/javascript" src="https://www.google.com/jsapi"></script>
    <script type='text/javascript'>
      google.load('visualization', '1', {packages:['table']});
      google.setOnLoadCallback(drawTable);
      var suiteTableInitFunctions = new Array();
      var suiteTableData = new Array();
    </script>
    <!--
      <script type="text/javascript" src="jquery-ui/js/jquery-ui-1.8.16.custom.min.js"></script>
     -->
  </head>

  <body>
    <div class="top-banner-root">
      <span class="top-banner-title-font">Test results</span>
      <br/>
      <span class="top-banner-font-1">1 suite, 4 failed tests</span>
    </div> <!-- top-banner-root -->
    <div class="navigator-root">
      <div class="navigator-suite-header">
        <span>All suites</span>
        <a href="#" class="collapse-all-link" title="Collapse/expand all the suites">
          <img class="collapse-all-icon" src="collapseall.gif">
          </img> <!-- collapse-all-icon -->
        </a> <!-- collapse-all-link -->
      </div> <!-- navigator-suite-header -->
      <div class="suite">
        <div class="rounded-window">
          <div class="suite-header light-rounded-window-top">
            <a href="#" class="navigator-link" panel-name="suite-HOME">
              <span class="suite-name border-failed">HOME</span>
            </a> <!-- navigator-link -->
          </div> <!-- suite-header light-rounded-window-top -->
          <div class="navigator-suite-content">
            <div class="suite-section-title">
              <span>Info</span>
            </div> <!-- suite-section-title -->
            <div class="suite-section-content">
              <ul>
                <li>
                  <a href="#" class="navigator-link " panel-name="test-xml-HOME">
                    <span>C:\Users\kocar\github\imeji-gui-testing\res\testng_HOME.xml</span>
                  </a> <!-- navigator-link  -->
                </li>
                <li>
                  <a href="#" class="navigator-link " panel-name="testlist-HOME">
                    <span class="test-stats">4 tests</span>
                  </a> <!-- navigator-link  -->
                </li>
                <li>
                  <a href="#" class="navigator-link " panel-name="group-HOME">
                    <span>0 groups</span>
                  </a> <!-- navigator-link  -->
                </li>
                <li>
                  <a href="#" class="navigator-link " panel-name="times-HOME">
                    <span>Times</span>
                  </a> <!-- navigator-link  -->
                </li>
                <li>
                  <a href="#" class="navigator-link " panel-name="reporter-HOME">
                    <span>Reporter output</span>
                  </a> <!-- navigator-link  -->
                </li>
                <li>
                  <a href="#" class="navigator-link " panel-name="ignored-methods-HOME">
                    <span>Ignored methods</span>
                  </a> <!-- navigator-link  -->
                </li>
                <li>
                  <a href="#" class="navigator-link " panel-name="chronological-HOME">
                    <span>Chronological view</span>
                  </a> <!-- navigator-link  -->
                </li>
              </ul>
            </div> <!-- suite-section-content -->
            <div class="result-section">
              <div class="suite-section-title">
                <span>Results</span>
              </div> <!-- suite-section-title -->
              <div class="suite-section-content">
                <ul>
                  <li>
                    <span class="method-stats">12 methods, 4 failed,   8 passed</span>
                  </li>
                  <li>
                    <span class="method-list-title failed">Failed methods</span>
                    <span class="show-or-hide-methods failed">
                      <a href="#" panel-name="suite-HOME" class="hide-methods failed suite-HOME"> (hide)</a> <!-- hide-methods failed suite-HOME -->
                      <a href="#" panel-name="suite-HOME" class="show-methods failed suite-HOME"> (show)</a> <!-- show-methods failed suite-HOME -->
                    </span>
                    <div class="method-list-content failed suite-HOME">
                      <span>
                        <img width="3%" src="failed.png"/>
                        <a href="#" class="method navigator-link" panel-name="suite-HOME" title="spot.scripts.DisclaimerTest" hash-for-method="openDisclaimerTest">openDisclaimerTest</a> <!-- method navigator-link -->
                      </span>
                      <br/>
                      <span>
                        <img width="3%" src="failed.png"/>
                        <a href="#" class="method navigator-link" panel-name="suite-HOME" title="spot.scripts.CategorySelectionTest" hash-for-method="openStartPageTest">openStartPageTest</a> <!-- method navigator-link -->
                      </span>
                      <br/>
                      <span>
                        <img width="3%" src="failed.png"/>
                        <a href="#" class="method navigator-link" panel-name="suite-HOME" title="spot.scripts.CategorySelectionTest" hash-for-method="openUploadPageTest">openUploadPageTest</a> <!-- method navigator-link -->
                      </span>
                      <br/>
                      <span>
                        <img width="3%" src="failed.png"/>
                        <a href="#" class="method navigator-link" panel-name="suite-HOME" title="spot.scripts.SearchTest" hash-for-method="searchForItemsTest">searchForItemsTest</a> <!-- method navigator-link -->
                      </span>
                      <br/>
                    </div> <!-- method-list-content failed suite-HOME -->
                  </li>
                  <li>
                    <span class="method-list-title passed">Passed methods</span>
                    <span class="show-or-hide-methods passed">
                      <a href="#" panel-name="suite-HOME" class="hide-methods passed suite-HOME"> (hide)</a> <!-- hide-methods passed suite-HOME -->
                      <a href="#" panel-name="suite-HOME" class="show-methods passed suite-HOME"> (show)</a> <!-- show-methods passed suite-HOME -->
                    </span>
                    <div class="method-list-content passed suite-HOME">
                      <span>
                        <img width="3%" src="passed.png"/>
                        <a href="#" class="method navigator-link" panel-name="suite-HOME" title="spot.scripts.SearchTest" hash-for-method="openAdvancedSearchTest">openAdvancedSearchTest</a> <!-- method navigator-link -->
                      </span>
                      <br/>
                      <span>
                        <img width="3%" src="passed.png"/>
                        <a href="#" class="method navigator-link" panel-name="suite-HOME" title="spot.scripts.CategorySelectionTest" hash-for-method="openAlbumPageTest">openAlbumPageTest</a> <!-- method navigator-link -->
                      </span>
                      <br/>
                      <span>
                        <img width="3%" src="passed.png"/>
                        <a href="#" class="method navigator-link" panel-name="suite-HOME" title="spot.scripts.CategorySelectionTest" hash-for-method="openCollectionPageTest">openCollectionPageTest</a> <!-- method navigator-link -->
                      </span>
                      <br/>
                      <span>
                        <img width="3%" src="passed.png"/>
                        <a href="#" class="method navigator-link" panel-name="suite-HOME" title="spot.scripts.CategorySelectionTest" hash-for-method="openItemPageTest">openItemPageTest</a> <!-- method navigator-link -->
                      </span>
                      <br/>
                      <span>
                        <img width="3%" src="passed.png"/>
                        <a href="#" class="method navigator-link" panel-name="suite-HOME" title="spot.scripts.SearchTest" hash-for-method="searchForAlbumsTest">searchForAlbumsTest</a> <!-- method navigator-link -->
                      </span>
                      <br/>
                      <span>
                        <img width="3%" src="passed.png"/>
                        <a href="#" class="method navigator-link" panel-name="suite-HOME" title="spot.scripts.SearchTest" hash-for-method="searchForCollectionsTest">searchForCollectionsTest</a> <!-- method navigator-link -->
                      </span>
                      <br/>
                      <span>
                        <img width="3%" src="passed.png"/>
                        <a href="#" class="method navigator-link" panel-name="suite-HOME" title="spot.scripts.LoginLogoutTest" hash-for-method="testLogInAsAdmin">testLogInAsAdmin</a> <!-- method navigator-link -->
                      </span>
                      <br/>
                      <span>
                        <img width="3%" src="passed.png"/>
                        <a href="#" class="method navigator-link" panel-name="suite-HOME" title="spot.scripts.LoginLogoutTest" hash-for-method="testLogInWithInvalidCredentials">testLogInWithInvalidCredentials</a> <!-- method navigator-link -->
                      </span>
                      <br/>
                    </div> <!-- method-list-content passed suite-HOME -->
                  </li>
                </ul>
              </div> <!-- suite-section-content -->
            </div> <!-- result-section -->
          </div> <!-- navigator-suite-content -->
        </div> <!-- rounded-window -->
      </div> <!-- suite -->
    </div> <!-- navigator-root -->
    <div class="wrapper">
      <div class="main-panel-root">
        <div panel-name="suite-HOME" class="panel HOME">
          <div class="suite-HOME-class-failed">
            <div class="main-panel-header rounded-window-top">
              <img src="failed.png"/>
              <span class="class-name">spot.scripts.SearchTest</span>
            </div> <!-- main-panel-header rounded-window-top -->
            <div class="main-panel-content rounded-window-bottom">
              <div class="method">
                <div class="method-content">
                  <a name="searchForItemsTest">
                  </a> <!-- searchForItemsTest -->
                  <span class="method-name">searchForItemsTest</span>
                  <div class="stack-trace">java.lang.AssertionError: expected [items:(awob)] but found [Inhalte:(awob)]
	at spot.scripts.SearchTest.searchFor(SearchTest.java:67)
	at spot.scripts.SearchTest.searchForItemsTest(SearchTest.java:43)
... Removed 29 stack frames
</div> <!-- stack-trace -->
                </div> <!-- method-content -->
              </div> <!-- method -->
            </div> <!-- main-panel-content rounded-window-bottom -->
          </div> <!-- suite-HOME-class-failed -->
          <div class="suite-HOME-class-failed">
            <div class="main-panel-header rounded-window-top">
              <img src="failed.png"/>
              <span class="class-name">spot.scripts.CategorySelectionTest</span>
            </div> <!-- main-panel-header rounded-window-top -->
            <div class="main-panel-content rounded-window-bottom">
              <div class="method">
                <div class="method-content">
                  <a name="openStartPageTest">
                  </a> <!-- openStartPageTest -->
                  <span class="method-name">openStartPageTest</span>
                  <div class="stack-trace">java.lang.AssertionError: expected [false] but found [true]
	at spot.scripts.CategorySelectionTest.openStartPageTest(CategorySelectionTest.java:28)
... Removed 29 stack frames
</div> <!-- stack-trace -->
                </div> <!-- method-content -->
              </div> <!-- method -->
              <div class="method">
                <div class="method-content">
                  <a name="openUploadPageTest">
                  </a> <!-- openUploadPageTest -->
                  <span class="method-name">openUploadPageTest</span>
                  <div class="stack-trace">java.lang.AssertionError: expected [false] but found [true]
	at spot.scripts.CategorySelectionTest.openUploadPageTest(CategorySelectionTest.java:35)
... Removed 29 stack frames
</div> <!-- stack-trace -->
                </div> <!-- method-content -->
              </div> <!-- method -->
            </div> <!-- main-panel-content rounded-window-bottom -->
          </div> <!-- suite-HOME-class-failed -->
          <div class="suite-HOME-class-failed">
            <div class="main-panel-header rounded-window-top">
              <img src="failed.png"/>
              <span class="class-name">spot.scripts.DisclaimerTest</span>
            </div> <!-- main-panel-header rounded-window-top -->
            <div class="main-panel-content rounded-window-bottom">
              <div class="method">
                <div class="method-content">
                  <a name="openDisclaimerTest">
                  </a> <!-- openDisclaimerTest -->
                  <span class="method-name">openDisclaimerTest</span>
                  <div class="stack-trace">java.lang.AssertionError: Not known test environment url expected [true] but found [false]
	at spot.scripts.DisclaimerTest.openDisclaimerTest(DisclaimerTest.java:39)
... Removed 28 stack frames
</div> <!-- stack-trace -->
                </div> <!-- method-content -->
              </div> <!-- method -->
            </div> <!-- main-panel-content rounded-window-bottom -->
          </div> <!-- suite-HOME-class-failed -->
          <div class="suite-HOME-class-passed">
            <div class="main-panel-header rounded-window-top">
              <img src="passed.png"/>
              <span class="class-name">spot.scripts.SearchTest</span>
            </div> <!-- main-panel-header rounded-window-top -->
            <div class="main-panel-content rounded-window-bottom">
              <div class="method">
                <div class="method-content">
                  <a name="openAdvancedSearchTest">
                  </a> <!-- openAdvancedSearchTest -->
                  <span class="method-name">openAdvancedSearchTest</span>
                </div> <!-- method-content -->
              </div> <!-- method -->
              <div class="method">
                <div class="method-content">
                  <a name="searchForAlbumsTest">
                  </a> <!-- searchForAlbumsTest -->
                  <span class="method-name">searchForAlbumsTest</span>
                </div> <!-- method-content -->
              </div> <!-- method -->
              <div class="method">
                <div class="method-content">
                  <a name="searchForCollectionsTest">
                  </a> <!-- searchForCollectionsTest -->
                  <span class="method-name">searchForCollectionsTest</span>
                </div> <!-- method-content -->
              </div> <!-- method -->
            </div> <!-- main-panel-content rounded-window-bottom -->
          </div> <!-- suite-HOME-class-passed -->
          <div class="suite-HOME-class-passed">
            <div class="main-panel-header rounded-window-top">
              <img src="passed.png"/>
              <span class="class-name">spot.scripts.LoginLogoutTest</span>
            </div> <!-- main-panel-header rounded-window-top -->
            <div class="main-panel-content rounded-window-bottom">
              <div class="method">
                <div class="method-content">
                  <a name="testLogInAsAdmin">
                  </a> <!-- testLogInAsAdmin -->
                  <span class="method-name">testLogInAsAdmin</span>
                </div> <!-- method-content -->
              </div> <!-- method -->
              <div class="method">
                <div class="method-content">
                  <a name="testLogInWithInvalidCredentials">
                  </a> <!-- testLogInWithInvalidCredentials -->
                  <span class="method-name">testLogInWithInvalidCredentials</span>
                </div> <!-- method-content -->
              </div> <!-- method -->
            </div> <!-- main-panel-content rounded-window-bottom -->
          </div> <!-- suite-HOME-class-passed -->
          <div class="suite-HOME-class-passed">
            <div class="main-panel-header rounded-window-top">
              <img src="passed.png"/>
              <span class="class-name">spot.scripts.CategorySelectionTest</span>
            </div> <!-- main-panel-header rounded-window-top -->
            <div class="main-panel-content rounded-window-bottom">
              <div class="method">
                <div class="method-content">
                  <a name="openAlbumPageTest">
                  </a> <!-- openAlbumPageTest -->
                  <span class="method-name">openAlbumPageTest</span>
                </div> <!-- method-content -->
              </div> <!-- method -->
              <div class="method">
                <div class="method-content">
                  <a name="openCollectionPageTest">
                  </a> <!-- openCollectionPageTest -->
                  <span class="method-name">openCollectionPageTest</span>
                </div> <!-- method-content -->
              </div> <!-- method -->
              <div class="method">
                <div class="method-content">
                  <a name="openItemPageTest">
                  </a> <!-- openItemPageTest -->
                  <span class="method-name">openItemPageTest</span>
                </div> <!-- method-content -->
              </div> <!-- method -->
            </div> <!-- main-panel-content rounded-window-bottom -->
          </div> <!-- suite-HOME-class-passed -->
        </div> <!-- panel HOME -->
        <div panel-name="test-xml-HOME" class="panel">
          <div class="main-panel-header rounded-window-top">
            <span class="header-content">C:\Users\kocar\github\imeji-gui-testing\res\testng_HOME.xml</span>
          </div> <!-- main-panel-header rounded-window-top -->
          <div class="main-panel-content rounded-window-bottom">
            <pre>
&lt;?xml version=&quot;1.0&quot; encoding=&quot;UTF-8&quot;?&gt;
&lt;!DOCTYPE suite SYSTEM &quot;http://testng.org/testng-1.0.dtd&quot;&gt;
&lt;suite name=&quot;HOME&quot;&gt;
  &lt;parameter name=&quot;browserType&quot; value=&quot;firefox&quot;/&gt;
  &lt;test name=&quot;Login Logout Test&quot;&gt;
    &lt;classes&gt;
      &lt;class name=&quot;spot.SeleniumTestSuite&quot;/&gt;
      &lt;class name=&quot;spot.scripts.LoginLogoutTest&quot;/&gt;
    &lt;/classes&gt;
  &lt;/test&gt; &lt;!-- Login Logout Test --&gt;
  &lt;test name=&quot;Extern Links and Further Services&quot;&gt;
    &lt;classes&gt;
      &lt;class name=&quot;spot.SeleniumTestSuite&quot;/&gt;
      &lt;class name=&quot;spot.scripts.DisclaimerTest&quot;/&gt;
    &lt;/classes&gt;
  &lt;/test&gt; &lt;!-- Extern Links and Further Services --&gt;
  &lt;test name=&quot;Search Functionality&quot;&gt;
    &lt;classes&gt;
      &lt;class name=&quot;spot.SeleniumTestSuite&quot;/&gt;
      &lt;class name=&quot;spot.scripts.SearchTest&quot;/&gt;
    &lt;/classes&gt;
  &lt;/test&gt; &lt;!-- Search Functionality --&gt;
  &lt;test name=&quot;Category Selection&quot;&gt;
    &lt;classes&gt;
      &lt;class name=&quot;spot.SeleniumTestSuite&quot;/&gt;
      &lt;class name=&quot;spot.scripts.CategorySelectionTest&quot;/&gt;
    &lt;/classes&gt;
  &lt;/test&gt; &lt;!-- Category Selection --&gt;
&lt;/suite&gt; &lt;!-- HOME --&gt;
            </pre>
          </div> <!-- main-panel-content rounded-window-bottom -->
        </div> <!-- panel -->
        <div panel-name="testlist-HOME" class="panel">
          <div class="main-panel-header rounded-window-top">
            <span class="header-content">Tests for HOME</span>
          </div> <!-- main-panel-header rounded-window-top -->
          <div class="main-panel-content rounded-window-bottom">
            <ul>
              <li>
                <span class="test-name">Login Logout Test (2 classes)</span>
              </li>
              <li>
                <span class="test-name">Extern Links and Further Services (2 classes)</span>
              </li>
              <li>
                <span class="test-name">Search Functionality (2 classes)</span>
              </li>
              <li>
                <span class="test-name">Category Selection (2 classes)</span>
              </li>
            </ul>
          </div> <!-- main-panel-content rounded-window-bottom -->
        </div> <!-- panel -->
        <div panel-name="group-HOME" class="panel">
          <div class="main-panel-header rounded-window-top">
            <span class="header-content">Groups for HOME</span>
          </div> <!-- main-panel-header rounded-window-top -->
          <div class="main-panel-content rounded-window-bottom">
          </div> <!-- main-panel-content rounded-window-bottom -->
        </div> <!-- panel -->
        <div panel-name="times-HOME" class="panel">
          <div class="main-panel-header rounded-window-top">
            <span class="header-content">Times for HOME</span>
          </div> <!-- main-panel-header rounded-window-top -->
          <div class="main-panel-content rounded-window-bottom">
            <div class="times-div">
              <script type="text/javascript">
suiteTableInitFunctions.push('tableData_HOME');
function tableData_HOME() {
var data = new google.visualization.DataTable();
data.addColumn('number', 'Number');
data.addColumn('string', 'Method');
data.addColumn('string', 'Class');
data.addColumn('number', 'Time (ms)');
data.addRows(12);
data.setCell(0, 0, 0)
data.setCell(0, 1, 'openDisclaimerTest')
data.setCell(0, 2, 'spot.scripts.DisclaimerTest')
data.setCell(0, 3, 3207);
data.setCell(1, 0, 1)
data.setCell(1, 1, 'searchForCollectionsTest')
data.setCell(1, 2, 'spot.scripts.SearchTest')
data.setCell(1, 3, 1523);
data.setCell(2, 0, 2)
data.setCell(2, 1, 'testLogInAsAdmin')
data.setCell(2, 2, 'spot.scripts.LoginLogoutTest')
data.setCell(2, 3, 1463);
data.setCell(3, 0, 3)
data.setCell(3, 1, 'searchForAlbumsTest')
data.setCell(3, 2, 'spot.scripts.SearchTest')
data.setCell(3, 3, 1460);
data.setCell(4, 0, 4)
data.setCell(4, 1, 'searchForItemsTest')
data.setCell(4, 2, 'spot.scripts.SearchTest')
data.setCell(4, 3, 1272);
data.setCell(5, 0, 5)
data.setCell(5, 1, 'openItemPageTest')
data.setCell(5, 2, 'spot.scripts.CategorySelectionTest')
data.setCell(5, 3, 1187);
data.setCell(6, 0, 6)
data.setCell(6, 1, 'testLogInWithInvalidCredentials')
data.setCell(6, 2, 'spot.scripts.LoginLogoutTest')
data.setCell(6, 3, 1140);
data.setCell(7, 0, 7)
data.setCell(7, 1, 'openCollectionPageTest')
data.setCell(7, 2, 'spot.scripts.CategorySelectionTest')
data.setCell(7, 3, 941);
data.setCell(8, 0, 8)
data.setCell(8, 1, 'openAdvancedSearchTest')
data.setCell(8, 2, 'spot.scripts.SearchTest')
data.setCell(8, 3, 790);
data.setCell(9, 0, 9)
data.setCell(9, 1, 'openAlbumPageTest')
data.setCell(9, 2, 'spot.scripts.CategorySelectionTest')
data.setCell(9, 3, 704);
data.setCell(10, 0, 10)
data.setCell(10, 1, 'openStartPageTest')
data.setCell(10, 2, 'spot.scripts.CategorySelectionTest')
data.setCell(10, 3, 1);
data.setCell(11, 0, 11)
data.setCell(11, 1, 'openUploadPageTest')
data.setCell(11, 2, 'spot.scripts.CategorySelectionTest')
data.setCell(11, 3, 0);
window.suiteTableData['HOME']= { tableData: data, tableDiv: 'times-div-HOME'}
return data;
}
              </script>
              <span class="suite-total-time">Total running time: 13 seconds</span>
              <div id="times-div-HOME">
              </div> <!-- times-div-HOME -->
            </div> <!-- times-div -->
          </div> <!-- main-panel-content rounded-window-bottom -->
        </div> <!-- panel -->
        <div panel-name="reporter-HOME" class="panel">
          <div class="main-panel-header rounded-window-top">
            <span class="header-content">Reporter output for HOME</span>
          </div> <!-- main-panel-header rounded-window-top -->
          <div class="main-panel-content rounded-window-bottom">
          </div> <!-- main-panel-content rounded-window-bottom -->
        </div> <!-- panel -->
        <div panel-name="ignored-methods-HOME" class="panel">
          <div class="main-panel-header rounded-window-top">
            <span class="header-content">0 ignored methods</span>
          </div> <!-- main-panel-header rounded-window-top -->
          <div class="main-panel-content rounded-window-bottom">
          </div> <!-- main-panel-content rounded-window-bottom -->
        </div> <!-- panel -->
        <div panel-name="chronological-HOME" class="panel">
          <div class="main-panel-header rounded-window-top">
            <span class="header-content">Methods in chronological order</span>
          </div> <!-- main-panel-header rounded-window-top -->
          <div class="main-panel-content rounded-window-bottom">
            <div class="chronological-class">
              <div class="chronological-class-name">spot.SeleniumTestSuite</div> <!-- chronological-class-name -->
              <div class="configuration-suite before">
                <span class="method-name">launchDriver(firefox)</span>
                <span class="method-start">0 ms</span>
              </div> <!-- configuration-suite before -->
              <div class="configuration-test before">
                <span class="method-name">testBeforeTest</span>
                <span class="method-start">12693 ms</span>
              </div> <!-- configuration-test before -->
            </div> <!-- chronological-class -->
            <div class="chronological-class">
              <div class="chronological-class-name">spot.scripts.LoginLogoutTest</div> <!-- chronological-class-name -->
              <div class="configuration-class before">
                <span class="method-name">setup</span>
                <span class="method-start">12699 ms</span>
              </div> <!-- configuration-class before -->
              <div class="configuration-method before">
                <span class="method-name">beforeMethod</span>
                <span class="method-start">12700 ms</span>
              </div> <!-- configuration-method before -->
              <div class="test-method">
                <span class="method-name">testLogInAsAdmin</span>
                <span class="method-start">12978 ms</span>
              </div> <!-- test-method -->
              <div class="configuration-method after">
                <span class="method-name">logout(public void spot.scripts.LoginLogoutTest.testLogInAsAdmin())</span>
                <span class="method-start">14441 ms</span>
              </div> <!-- configuration-method after -->
              <div class="configuration-method before">
                <span class="method-name">beforeMethod</span>
                <span class="method-start">15293 ms</span>
              </div> <!-- configuration-method before -->
              <div class="test-method">
                <span class="method-name">testLogInWithInvalidCredentials</span>
                <span class="method-start">15436 ms</span>
              </div> <!-- test-method -->
              <div class="configuration-method after">
                <span class="method-name">logout(public void spot.scripts.LoginLogoutTest.testLogInWithInvalidCredentials())</span>
                <span class="method-start">16578 ms</span>
              </div> <!-- configuration-method after -->
            </div> <!-- chronological-class -->
            <div class="chronological-class">
              <div class="chronological-class-name">spot.SeleniumTestSuite</div> <!-- chronological-class-name -->
              <div class="configuration-test after">
                <span class="method-name">testAfterTest</span>
                <span class="method-start">16581 ms</span>
              </div> <!-- configuration-test after -->
              <div class="configuration-test before">
                <span class="method-name">testBeforeTest</span>
                <span class="method-start">16696 ms</span>
              </div> <!-- configuration-test before -->
            </div> <!-- chronological-class -->
            <div class="chronological-class">
              <div class="chronological-class-name">spot.scripts.DisclaimerTest</div> <!-- chronological-class-name -->
              <div class="configuration-class before">
                <span class="method-name">beforeClass</span>
                <span class="method-start">16697 ms</span>
              </div> <!-- configuration-class before -->
              <div class="configuration-class before">
                <span class="method-name">setup</span>
                <span class="method-start">16697 ms</span>
              </div> <!-- configuration-class before -->
              <div class="test-method">
                <img src="failed.png">
                </img>
                <span class="method-name">openDisclaimerTest</span>
                <span class="method-start">16750 ms</span>
              </div> <!-- test-method -->
            </div> <!-- chronological-class -->
            <div class="chronological-class">
              <div class="chronological-class-name">spot.SeleniumTestSuite</div> <!-- chronological-class-name -->
              <div class="configuration-test after">
                <span class="method-name">testAfterTest</span>
                <span class="method-start">19958 ms</span>
              </div> <!-- configuration-test after -->
              <div class="configuration-test before">
                <span class="method-name">testBeforeTest</span>
                <span class="method-start">19970 ms</span>
              </div> <!-- configuration-test before -->
            </div> <!-- chronological-class -->
            <div class="chronological-class">
              <div class="chronological-class-name">spot.scripts.SearchTest</div> <!-- chronological-class-name -->
              <div class="configuration-class before">
                <span class="method-name">beforeClassTest</span>
                <span class="method-start">19971 ms</span>
              </div> <!-- configuration-class before -->
              <div class="configuration-class before">
                <span class="method-name">setup</span>
                <span class="method-start">19971 ms</span>
              </div> <!-- configuration-class before -->
              <div class="configuration-method before">
                <span class="method-name">beforeMethodTest</span>
                <span class="method-start">19972 ms</span>
              </div> <!-- configuration-method before -->
              <div class="test-method">
                <span class="method-name">openAdvancedSearchTest</span>
                <span class="method-start">20602 ms</span>
              </div> <!-- test-method -->
              <div class="configuration-method before">
                <span class="method-name">beforeMethodTest</span>
                <span class="method-start">21392 ms</span>
              </div> <!-- configuration-method before -->
              <div class="test-method">
                <span class="method-name">searchForAlbumsTest</span>
                <span class="method-start">21981 ms</span>
              </div> <!-- test-method -->
              <div class="configuration-method before">
                <span class="method-name">beforeMethodTest</span>
                <span class="method-start">23442 ms</span>
              </div> <!-- configuration-method before -->
              <div class="test-method">
                <span class="method-name">searchForCollectionsTest</span>
                <span class="method-start">24005 ms</span>
              </div> <!-- test-method -->
              <div class="configuration-method before">
                <span class="method-name">beforeMethodTest</span>
                <span class="method-start">25528 ms</span>
              </div> <!-- configuration-method before -->
              <div class="test-method">
                <img src="failed.png">
                </img>
                <span class="method-name">searchForItemsTest</span>
                <span class="method-start">26095 ms</span>
              </div> <!-- test-method -->
            </div> <!-- chronological-class -->
            <div class="chronological-class">
              <div class="chronological-class-name">spot.SeleniumTestSuite</div> <!-- chronological-class-name -->
              <div class="configuration-test after">
                <span class="method-name">testAfterTest</span>
                <span class="method-start">27368 ms</span>
              </div> <!-- configuration-test after -->
              <div class="configuration-test before">
                <span class="method-name">testBeforeTest</span>
                <span class="method-start">27380 ms</span>
              </div> <!-- configuration-test before -->
            </div> <!-- chronological-class -->
            <div class="chronological-class">
              <div class="chronological-class-name">spot.scripts.CategorySelectionTest</div> <!-- chronological-class-name -->
              <div class="configuration-class before">
                <span class="method-name">beforeClassTest</span>
                <span class="method-start">27381 ms</span>
              </div> <!-- configuration-class before -->
              <div class="configuration-class before">
                <span class="method-name">setup</span>
                <span class="method-start">27381 ms</span>
              </div> <!-- configuration-class before -->
              <div class="configuration-method before">
                <span class="method-name">beforeMethodTest</span>
                <span class="method-start">27382 ms</span>
              </div> <!-- configuration-method before -->
              <div class="test-method">
                <span class="method-name">openAlbumPageTest</span>
                <span class="method-start">27913 ms</span>
              </div> <!-- test-method -->
              <div class="configuration-method before">
                <span class="method-name">beforeMethodTest</span>
                <span class="method-start">28617 ms</span>
              </div> <!-- configuration-method before -->
              <div class="test-method">
                <span class="method-name">openCollectionPageTest</span>
                <span class="method-start">29149 ms</span>
              </div> <!-- test-method -->
              <div class="configuration-method before">
                <span class="method-name">beforeMethodTest</span>
                <span class="method-start">30090 ms</span>
              </div> <!-- configuration-method before -->
              <div class="test-method">
                <span class="method-name">openItemPageTest</span>
                <span class="method-start">30636 ms</span>
              </div> <!-- test-method -->
              <div class="configuration-method before">
                <span class="method-name">beforeMethodTest</span>
                <span class="method-start">31823 ms</span>
              </div> <!-- configuration-method before -->
              <div class="test-method">
                <img src="failed.png">
                </img>
                <span class="method-name">openStartPageTest</span>
                <span class="method-start">32340 ms</span>
              </div> <!-- test-method -->
              <div class="configuration-method before">
                <span class="method-name">beforeMethodTest</span>
                <span class="method-start">32342 ms</span>
              </div> <!-- configuration-method before -->
              <div class="test-method">
                <img src="failed.png">
                </img>
                <span class="method-name">openUploadPageTest</span>
                <span class="method-start">32394 ms</span>
              </div> <!-- test-method -->
            </div> <!-- chronological-class -->
            <div class="chronological-class">
              <div class="chronological-class-name">spot.SeleniumTestSuite</div> <!-- chronological-class-name -->
              <div class="configuration-test after">
                <span class="method-name">testAfterTest</span>
                <span class="method-start">32395 ms</span>
              </div> <!-- configuration-test after -->
              <div class="configuration-suite after">
                <span class="method-name">quitDriver</span>
                <span class="method-start">32411 ms</span>
              </div> <!-- configuration-suite after -->
          </div> <!-- main-panel-content rounded-window-bottom -->
        </div> <!-- panel -->
      </div> <!-- main-panel-root -->
    </div> <!-- wrapper -->
  </body>
</html>
